<?xml version="1.0" encoding="UTF-8"?>
<!-- Generated by org.testng.reporters.JUnitReportReporter -->
<testsuite hostname="DESKTOP-T548G2D" failures="0" tests="1" name="AmazonShopAppTest" time="63.016" errors="0" timestamp="2023-06-12T16:31:16 IST" skipped="0">
  <testcase classname="AmazonShopAppTest" name="amazonApps" time="63.016"/>
  <system-out/>
</testsuite> <!-- AmazonShopAppTest -->
